
> taskpro---final-change@0.0.0 dev
> vite --host 0.0.0.0 --port 3001


  [32m[1mVITE[22m v6.4.1[39m  [2mready in [0m[1m91282[22m[2m[0m ms[22m

  [32m➜[39m  [1mLocal[22m:   [36mhttp://localhost:[1m3001[22m/[39m
  [32m➜[39m  [1mNetwork[22m: [36mhttp://192.168.29.235:[1m3001[22m/[39m
[2m18:34:55[22m [36m[1m[vite][22m[39m [32mvite.config.ts changed, restarting server...[39m
[2m18:34:55[22m [36m[1m[vite][22m[39m [32mvite.config.ts changed, restarting server...[39m
[2m18:34:56[22m [36m[1m[vite][22m[39m server restarted.
[2m18:40:00[22m [36m[1m[vite][22m[39m [90m[2m(client)[22m[39m [32mhmr update [39m[2m/components/AddRecurringTaskModal.tsx[22m
[2m18:40:15[22m [36m[1m[vite][22m[39m [90m[2m(client)[22m[39m [32mhmr update [39m[2m/components/EditRecurringTaskModal.tsx[22m
[2m18:40:21[22m [36m[1m[vite][22m[39m [90m[2m(client)[22m[39m [32mhmr update [39m[2m/App.tsx[22m
[2m18:40:22[22m [36m[1m[vite][22m[39m [90m[2m(client)[22m[39m [33mhmr invalidate [39m[2m/App.tsx[22m Could not Fast Refresh ("formatToIndianDate" export is incompatible). Learn more at https://github.com/vitejs/vite-plugin-react/tree/main/packages/plugin-react#consistent-components-exports
[2m18:40:22[22m [36m[1m[vite][22m[39m [90m[2m(client)[22m[39m [32mpage reload [39m[2mApp.tsx[22m
[2m18:40:35[22m [36m[1m[vite][22m[39m [90m[2m(client)[22m[39m [32mhmr update [39m[2m/components/RecurringTasksView.tsx[22m
[2m18:40:53[22m [36m[1m[vite][22m[39m [90m[2m(client)[22m[39m [32mhmr update [39m[2m/components/RecurringTasksView.tsx[22m
[2m18:48:05[22m [36m[1m[vite][22m[39m [90m[2m(client)[22m[39m [32mhmr update [39m[2m/App.tsx[22m
[2m18:48:06[22m [36m[1m[vite][22m[39m [90m[2m(client)[22m[39m [33mhmr invalidate [39m[2m/App.tsx[22m Could not Fast Refresh (new export)
[2m18:48:06[22m [36m[1m[vite][22m[39m [90m[2m(client)[22m[39m [32mpage reload [39m[2mApp.tsx[22m
[2m18:48:19[22m [36m[1m[vite][22m[39m [90m[2m(client)[22m[39m [32mhmr update [39m[2m/App.tsx[22m
[2m18:48:19[22m [36m[1m[vite][22m[39m [90m[2m(client)[22m[39m [33mhmr invalidate [39m[2m/App.tsx[22m Could not Fast Refresh ("formatToHHMM" export is incompatible). Learn more at https://github.com/vitejs/vite-plugin-react/tree/main/packages/plugin-react#consistent-components-exports
[2m18:48:19[22m [36m[1m[vite][22m[39m [90m[2m(client)[22m[39m [32mpage reload [39m[2mApp.tsx[22m
[2m18:48:31[22m [36m[1m[vite][22m[39m [90m[2m(client)[22m[39m [32mhmr update [39m[2m/components/RecurringTaskHistoryModal.tsx[22m
[2m18:52:08[22m [36m[1m[vite][22m[39m [90m[2m(client)[22m[39m [32mhmr update [39m[2m/components/AddRecurringTaskModal.tsx[22m
[2m18:52:38[22m [36m[1m[vite][22m[39m [90m[2m(client)[22m[39m [32mhmr update [39m[2m/components/EditRecurringTaskModal.tsx[22m
